<?xml version="1.0" encoding="UTF-8"?>
<testsuite name="Subtract to numbers" tests="1" skipped="0" failures="1" errors="0" timestamp="2020-03-31T21:47:10" hostname="CHMEPPF0I6LTM" time="7.04">
  <properties/>
  <testcase name="Subtract two numbers" classname="Subtract to numbers" time="7.04">
    <failure message="java.lang.NullPointerException" type="java.lang.NullPointerException">java.lang.NullPointerException
	at net.serenitybdd.screenplay.InstrumentedTask.isInstrumented(InstrumentedTask.java:76)
	at net.serenitybdd.screenplay.Actor.shouldNotReport(Actor.java:182)
	at net.serenitybdd.screenplay.Actor.attemptsTo(Actor.java:168)
	at co.com.choucair.winappdriver.flightgui.interactions.ClickOn.performAs(ClickOn.java:63)
	at net.serenitybdd.screenplay.Actor.performTask(Actor.java:233)
	at net.serenitybdd.screenplay.Actor.perform(Actor.java:214)
	at net.serenitybdd.screenplay.Actor.performWithoutReporting(Actor.java:198)
	at net.serenitybdd.screenplay.Actor.attemptsTo(Actor.java:169)
	at co.com.choucair.winappdriver.flightgui.tasks.Subtract.performAs(Subtract.java:26)
	at co.com.choucair.winappdriver.flightgui.tasks.Subtract$ByteBuddy$S4m5zuXj.performAs$accessor$OQ3xcQYi(Unknown Source)
	at sun.reflect.NativeMethodAccessorImpl.invoke0(Native Method)
	at sun.reflect.NativeMethodAccessorImpl.invoke(NativeMethodAccessorImpl.java:62)
	at sun.reflect.DelegatingMethodAccessorImpl.invoke(DelegatingMethodAccessorImpl.java:43)
	at java.lang.reflect.Method.invoke(Method.java:498)
	at net.thucydides.core.steps.StepInterceptor.invokeMethod(StepInterceptor.java:471)
	at net.thucydides.core.steps.StepInterceptor.executeTestStepMethod(StepInterceptor.java:451)
	at net.thucydides.core.steps.StepInterceptor.runTestStep(StepInterceptor.java:424)
	at net.thucydides.core.steps.StepInterceptor.runOrSkipMethod(StepInterceptor.java:180)
	at net.thucydides.core.steps.StepInterceptor.testStepResult(StepInterceptor.java:167)
	at net.thucydides.core.steps.StepInterceptor.intercept(StepInterceptor.java:75)
	at co.com.choucair.winappdriver.flightgui.tasks.Subtract$ByteBuddy$S4m5zuXj.performAs(Unknown Source)
	at net.serenitybdd.screenplay.Actor.performTask(Actor.java:233)
	at net.serenitybdd.screenplay.Actor.perform(Actor.java:214)
	at net.serenitybdd.screenplay.Actor.attemptsTo(Actor.java:171)
	at net.serenitybdd.screenplay.Actor.wasAbleTo(Actor.java:158)
	at co.com.choucair.winappdriver.flightgui.stepdefinitions.SubtractSteps.heSubtractMinus(SubtractSteps.java:16)
	at ✽.He subtract 12 minus 12(src/test/resources/features/subtract.feature:12)
</failure>
  </testcase>
  <system-out><![CDATA[El numero a clicker es: 1
]]></system-out>
  <system-err><![CDATA[mar 31, 2020 4:47:15 PM io.appium.java_client.remote.AppiumCommandExecutor$1 lambda$0
INFORMACIÓN: Detected dialect: OSS
[Test worker] ERROR net.thucydides.core.steps.ConsoleLoggingListener - 
           __  _____ _____ ____ _____   _____ _    ___ _     _____ ____  
  _       / / |_   _| ____/ ___|_   _| |  ___/ \  |_ _| |   | ____|  _ \ 
 (_)_____| |    | | |  _| \___ \ | |   | |_ / _ \  | || |   |  _| | | | |
  _|_____| |    | | | |___ ___) || |   |  _/ ___ \ | || |___| |___| |_| |
 (_)     | |    |_| |_____|____/ |_|   |_|/_/   \_\___|_____|_____|____/ 
          \_\                                                            

TEST FAILED WITH ERROR: Subtract two numbers
---------------------------------------------------------------------
[Test worker] ERROR net.thucydides.core.steps.ConsoleLoggingListener - TEST FAILED AT STEP Jose subtract
[Test worker] ERROR net.thucydides.core.steps.ConsoleLoggingListener - 
]]></system-err>
</testsuite>
